<?xml version="1.0" encoding="UTF-8"?>
<coverage generated="1750228946206" clover="3.2.0">
  <project timestamp="1750228946207" name="All files">
    <metrics statements="1" coveredstatements="1" conditionals="0" coveredconditionals="0" methods="1" coveredmethods="1" elements="2" coveredelements="2" complexity="0" loc="1" ncloc="1" packages="1" files="1" classes="1"/>
    <file name="PasswordChecker.ts" path="C:\Chris\courses\udemy_courses-unit_testing_for_typescript_and_nodejs_developers_with_jest\Section4_test_driven_development_with_jest_and_typescript\22_password_checker_setup\src\app\pass_checker\PasswordChecker.ts">
      <metrics statements="1" coveredstatements="1" conditionals="0" coveredconditionals="0" methods="1" coveredmethods="1"/>
      <line num="1" count="1" type="stmt"/>
    </file>
  </project>
</coverage>
