{"C:\\Chris\\courses\\udemy_courses-unit_testing_for_typescript_and_nodejs_developers_with_jest\\Section4_test_driven_development_with_jest_and_typescript\\22_password_checker_setup\\src\\app\\pass_checker\\PasswordChecker.ts": {"path":"C:\\Chris\\courses\\udemy_courses-unit_testing_for_typescript_and_nodejs_developers_with_jest\\Section4_test_driven_development_with_jest_and_typescript\\22_password_checker_setup\\src\\app\\pass_checker\\PasswordChecker.ts","statementMap":{"0":{"start":{"line":1,"column":0},"end":{"line":1,"column":13}}},"fnMap":{"0":{"name":"(anonymous_0)","decl":{"start":{"line":2,"column":11},"end":{"line":2,"column":24}},"loc":{"start":{"line":2,"column":24},"end":{"line":4,"column":5}}}},"branchMap":{},"s":{"0":1},"f":{"0":1},"b":{}}
}
