<?xml version="1.0" encoding="UTF-8"?>
<coverage generated="1751033228207" clover="3.2.0">
  <project timestamp="1751033228208" name="All files">
    <metrics statements="7" coveredstatements="6" conditionals="2" coveredconditionals="1" methods="3" coveredmethods="3" elements="12" coveredelements="10" complexity="0" loc="7" ncloc="7" packages="1" files="1" classes="1"/>
    <file name="app.ts" path="C:\Chris\123\tutorials\udemy_courses\unit_testing_for_typescript_and_nodejs_developers_with_jest\Section6_test_doubles_in_practice\src\app\app.ts">
      <metrics statements="7" coveredstatements="6" conditionals="2" coveredconditionals="1" methods="3" coveredmethods="3"/>
      <line num="7" count="1" type="stmt"/>
      <line num="8" count="3" type="stmt"/>
      <line num="14" count="2" type="stmt"/>
      <line num="20" count="2" type="stmt"/>
      <line num="22" count="2" type="cond" truecount="1" falsecount="1"/>
      <line num="23" count="0" type="stmt"/>
      <line num="26" count="2" type="stmt"/>
    </file>
  </project>
</coverage>
