mode: set
github.com/foxcodenine/building_modern_web_applications_with_go/main.go:8.13,12.16 2 0
github.com/foxcodenine/building_modern_web_applications_with_go/main.go:12.16,14.3 1 0
github.com/foxcodenine/building_modern_web_applications_with_go/main.go:16.2,16.46 1 0
github.com/foxcodenine/building_modern_web_applications_with_go/main.go:20.44,24.12 2 1
github.com/foxcodenine/building_modern_web_applications_with_go/main.go:24.12,26.3 1 1
github.com/foxcodenine/building_modern_web_applications_with_go/main.go:28.2,29.20 2 1
