{"C:\\Chris\\123\\tutorials\\udemy_courses\\unit_testing_for_typescript_and_nodejs_developers_with_jest\\Section6_test_doubles_in_practice\\src\\app\\app.ts": {"path":"C:\\Chris\\123\\tutorials\\udemy_courses\\unit_testing_for_typescript_and_nodejs_developers_with_jest\\Section6_test_doubles_in_practice\\src\\app\\app.ts","statementMap":{"0":{"start":{"line":8,"column":35},"end":{"line":8,"column":52}},"1":{"start":{"line":14,"column":8},"end":{"line":14,"column":32}},"2":{"start":{"line":20,"column":8},"end":{"line":20,"column":64}},"3":{"start":{"line":20,"column":40},"end":{"line":20,"column":62}},"4":{"start":{"line":22,"column":8},"end":{"line":24,"column":9}},"5":{"start":{"line":23,"column":12},"end":{"line":23,"column":null}},"6":{"start":{"line":26,"column":8},"end":{"line":26,"column":20}},"7":{"start":{"line":7,"column":0},"end":{"line":7,"column":13}}},"fnMap":{"0":{"name":"(anonymous_0)","decl":{"start":{"line":13,"column":11},"end":{"line":13,"column":14}},"loc":{"start":{"line":13,"column":25},"end":{"line":15,"column":5}}},"1":{"name":"(anonymous_1)","decl":{"start":{"line":18,"column":11},"end":{"line":18,"column":24}},"loc":{"start":{"line":18,"column":37},"end":{"line":27,"column":5}}},"2":{"name":"(anonymous_2)","decl":{"start":{"line":20,"column":33},"end":{"line":20,"column":34}},"loc":{"start":{"line":20,"column":38},"end":{"line":20,"column":62}}}},"branchMap":{"0":{"loc":{"start":{"line":22,"column":8},"end":{"line":24,"column":9}},"type":"if","locations":[{"start":{"line":22,"column":8},"end":{"line":24,"column":9}},{"start":{},"end":{}}]}},"s":{"0":3,"1":2,"2":2,"3":2,"4":2,"5":0,"6":2,"7":1},"f":{"0":2,"1":2,"2":2},"b":{"0":[0,2]}}
}
