<?xml version="1.0" encoding="UTF-8"?>
<coverage generated="1750184283328" clover="3.2.0">
  <project timestamp="1750184283328" name="All files">
    <metrics statements="4" coveredstatements="4" conditionals="1" coveredconditionals="1" methods="1" coveredmethods="1" elements="6" coveredelements="6" complexity="0" loc="4" ncloc="4" packages="1" files="1" classes="1"/>
    <file name="Utils.ts" path="/home/foxcodenine/foxfiles/git/repo/tutorials/udemy_courses/unit_testing_for_typescript_and_nodejs_developers_with_jest/Section3/14_jest_hook/src/app/Utils.ts">
      <metrics statements="4" coveredstatements="4" conditionals="1" coveredconditionals="1" methods="1" coveredmethods="1"/>
      <line num="1" count="1" type="stmt"/>
      <line num="3" count="5" type="cond" truecount="1" falsecount="0"/>
      <line num="4" count="4" type="stmt"/>
      <line num="6" count="1" type="stmt"/>
    </file>
  </project>
</coverage>
