{"/home/foxcodenine/foxfiles/git/repo/tutorials/udemy_courses/unit_testing_for_typescript_and_nodejs_developers_with_jest/Section3/14_jest_hook/src/app/Utils.ts": {"path":"/home/foxcodenine/foxfiles/git/repo/tutorials/udemy_courses/unit_testing_for_typescript_and_nodejs_developers_with_jest/Section3/14_jest_hook/src/app/Utils.ts","statementMap":{"0":{"start":{"line":3,"column":8},"end":{"line":5,"column":9}},"1":{"start":{"line":4,"column":12},"end":{"line":4,"column":null}},"2":{"start":{"line":6,"column":8},"end":{"line":6,"column":33}},"3":{"start":{"line":1,"column":0},"end":{"line":1,"column":13}}},"fnMap":{"0":{"name":"(anonymous_0)","decl":{"start":{"line":2,"column":11},"end":{"line":2,"column":22}},"loc":{"start":{"line":2,"column":34},"end":{"line":7,"column":5}}}},"branchMap":{"0":{"loc":{"start":{"line":3,"column":8},"end":{"line":5,"column":9}},"type":"if","locations":[{"start":{"line":3,"column":8},"end":{"line":5,"column":9}}]}},"s":{"0":5,"1":4,"2":1,"3":1},"f":{"0":5},"b":{"0":[4]}}
}
