mode: set
github.com/foxcodenine/celeritas/celeritas.go:39.48,55.43 2 0
github.com/foxcodenine/celeritas/celeritas.go:55.43,57.3 1 0
github.com/foxcodenine/celeritas/celeritas.go:60.2,60.48 1 0
github.com/foxcodenine/celeritas/celeritas.go:60.48,62.3 1 0
github.com/foxcodenine/celeritas/celeritas.go:65.2,65.58 1 0
github.com/foxcodenine/celeritas/celeritas.go:65.58,67.3 1 0
github.com/foxcodenine/celeritas/celeritas.go:70.2,119.12 12 0
github.com/foxcodenine/celeritas/celeritas.go:123.45,127.37 2 0
github.com/foxcodenine/celeritas/celeritas.go:127.37,128.66 1 0
github.com/foxcodenine/celeritas/celeritas.go:128.66,130.4 1 0
github.com/foxcodenine/celeritas/celeritas.go:133.2,133.12 1 0
github.com/foxcodenine/celeritas/celeritas.go:137.38,149.21 3 0
github.com/foxcodenine/celeritas/celeritas.go:149.21,151.3 1 0
github.com/foxcodenine/celeritas/celeritas.go:154.2,158.23 3 0
github.com/foxcodenine/celeritas/celeritas.go:162.52,163.77 1 0
github.com/foxcodenine/celeritas/celeritas.go:163.77,165.3 1 0
github.com/foxcodenine/celeritas/celeritas.go:166.2,166.12 1 0
github.com/foxcodenine/celeritas/celeritas.go:170.36,176.2 2 0
github.com/foxcodenine/celeritas/celeritas.go:179.38,189.2 2 0
github.com/foxcodenine/celeritas/helpers.go:6.60,10.49 2 0
github.com/foxcodenine/celeritas/helpers.go:10.49,12.46 1 0
github.com/foxcodenine/celeritas/helpers.go:12.46,14.4 1 0
github.com/foxcodenine/celeritas/helpers.go:17.2,17.12 1 0
github.com/foxcodenine/celeritas/helpers.go:21.61,23.49 1 0
github.com/foxcodenine/celeritas/helpers.go:23.49,26.17 2 0
github.com/foxcodenine/celeritas/helpers.go:26.17,28.4 1 0
github.com/foxcodenine/celeritas/helpers.go:31.3,31.29 1 0
github.com/foxcodenine/celeritas/helpers.go:31.29,33.4 1 0
github.com/foxcodenine/celeritas/helpers.go:36.2,36.12 1 0
github.com/foxcodenine/celeritas/middleware.go:6.65,10.2 2 0
github.com/foxcodenine/celeritas/routes.go:11.43,18.13 3 0
github.com/foxcodenine/celeritas/routes.go:18.13,20.3 1 0
github.com/foxcodenine/celeritas/routes.go:23.2,31.12 3 0
github.com/foxcodenine/celeritas/session/session.go:21.53,27.16 3 1
github.com/foxcodenine/celeritas/session/session.go:27.16,29.3 1 0
github.com/foxcodenine/celeritas/session/session.go:32.2,47.40 10 1
github.com/foxcodenine/celeritas/session/session.go:48.15,48.15 0 0
github.com/foxcodenine/celeritas/session/session.go:50.26,50.26 0 0
github.com/foxcodenine/celeritas/session/session.go:52.32,52.32 0 0
github.com/foxcodenine/celeritas/session/session.go:54.10,54.10 0 1
github.com/foxcodenine/celeritas/session/session.go:58.2,58.16 1 1
github.com/foxcodenine/celeritas/render/render.go:38.111,39.37 1 1
github.com/foxcodenine/celeritas/render/render.go:40.12,41.36 1 1
github.com/foxcodenine/celeritas/render/render.go:42.13,43.48 1 1
github.com/foxcodenine/celeritas/render/render.go:44.10,44.10 0 1
github.com/foxcodenine/celeritas/render/render.go:47.2,47.52 1 1
github.com/foxcodenine/celeritas/render/render.go:52.102,55.16 2 1
github.com/foxcodenine/celeritas/render/render.go:55.16,57.3 1 1
github.com/foxcodenine/celeritas/render/render.go:60.2,61.17 2 1
github.com/foxcodenine/celeritas/render/render.go:61.17,63.3 1 0
github.com/foxcodenine/celeritas/render/render.go:66.2,67.16 2 1
github.com/foxcodenine/celeritas/render/render.go:67.16,69.3 1 0
github.com/foxcodenine/celeritas/render/render.go:71.2,71.12 1 1
github.com/foxcodenine/celeritas/render/render.go:75.122,79.22 2 1
github.com/foxcodenine/celeritas/render/render.go:79.22,82.3 1 1
github.com/foxcodenine/celeritas/render/render.go:82.8,85.3 1 0
github.com/foxcodenine/celeritas/render/render.go:88.2,89.17 2 1
github.com/foxcodenine/celeritas/render/render.go:89.17,91.3 1 0
github.com/foxcodenine/celeritas/render/render.go:94.2,95.16 2 1
github.com/foxcodenine/celeritas/render/render.go:95.16,98.3 2 1
github.com/foxcodenine/celeritas/render/render.go:101.2,102.16 2 1
github.com/foxcodenine/celeritas/render/render.go:102.16,105.3 2 0
github.com/foxcodenine/celeritas/render/render.go:107.2,107.12 1 1
