mode: set
github.com/foxcodenine/celeritas/celeritas.go:42.48,58.43 2 0
github.com/foxcodenine/celeritas/celeritas.go:58.43,60.3 1 0
github.com/foxcodenine/celeritas/celeritas.go:63.2,63.48 1 0
github.com/foxcodenine/celeritas/celeritas.go:63.48,65.3 1 0
github.com/foxcodenine/celeritas/celeritas.go:68.2,68.58 1 0
github.com/foxcodenine/celeritas/celeritas.go:68.58,70.3 1 0
github.com/foxcodenine/celeritas/celeritas.go:73.2,105.12 10 0
github.com/foxcodenine/celeritas/celeritas.go:109.45,113.37 2 0
github.com/foxcodenine/celeritas/celeritas.go:113.37,114.66 1 0
github.com/foxcodenine/celeritas/celeritas.go:114.66,116.4 1 0
github.com/foxcodenine/celeritas/celeritas.go:119.2,119.12 1 0
github.com/foxcodenine/celeritas/celeritas.go:123.38,140.2 4 0
github.com/foxcodenine/celeritas/celeritas.go:143.52,144.77 1 0
github.com/foxcodenine/celeritas/celeritas.go:144.77,146.3 1 0
github.com/foxcodenine/celeritas/celeritas.go:147.2,147.12 1 0
github.com/foxcodenine/celeritas/celeritas.go:151.36,157.2 2 0
github.com/foxcodenine/celeritas/celeritas.go:160.38,170.2 2 0
github.com/foxcodenine/celeritas/helpers.go:6.60,10.49 2 0
github.com/foxcodenine/celeritas/helpers.go:10.49,12.46 1 0
github.com/foxcodenine/celeritas/helpers.go:12.46,14.4 1 0
github.com/foxcodenine/celeritas/helpers.go:17.2,17.12 1 0
github.com/foxcodenine/celeritas/helpers.go:21.61,23.49 1 0
github.com/foxcodenine/celeritas/helpers.go:23.49,26.17 2 0
github.com/foxcodenine/celeritas/helpers.go:26.17,28.4 1 0
github.com/foxcodenine/celeritas/helpers.go:31.3,31.29 1 0
github.com/foxcodenine/celeritas/helpers.go:31.29,33.4 1 0
github.com/foxcodenine/celeritas/helpers.go:36.2,36.12 1 0
github.com/foxcodenine/celeritas/routes.go:11.43,18.13 3 0
github.com/foxcodenine/celeritas/routes.go:18.13,20.3 1 0
github.com/foxcodenine/celeritas/routes.go:23.2,25.12 2 0
github.com/foxcodenine/celeritas/render/render.go:38.111,39.37 1 1
github.com/foxcodenine/celeritas/render/render.go:40.12,41.36 1 1
github.com/foxcodenine/celeritas/render/render.go:42.13,43.48 1 1
github.com/foxcodenine/celeritas/render/render.go:44.10,44.10 0 1
github.com/foxcodenine/celeritas/render/render.go:47.2,47.52 1 1
github.com/foxcodenine/celeritas/render/render.go:52.102,55.16 2 1
github.com/foxcodenine/celeritas/render/render.go:55.16,57.3 1 1
github.com/foxcodenine/celeritas/render/render.go:60.2,61.17 2 1
github.com/foxcodenine/celeritas/render/render.go:61.17,63.3 1 0
github.com/foxcodenine/celeritas/render/render.go:66.2,67.16 2 1
github.com/foxcodenine/celeritas/render/render.go:67.16,69.3 1 0
github.com/foxcodenine/celeritas/render/render.go:71.2,71.12 1 1
github.com/foxcodenine/celeritas/render/render.go:75.122,79.22 2 1
github.com/foxcodenine/celeritas/render/render.go:79.22,82.3 1 1
github.com/foxcodenine/celeritas/render/render.go:82.8,85.3 1 0
github.com/foxcodenine/celeritas/render/render.go:88.2,89.17 2 1
github.com/foxcodenine/celeritas/render/render.go:89.17,91.3 1 0
github.com/foxcodenine/celeritas/render/render.go:94.2,95.16 2 1
github.com/foxcodenine/celeritas/render/render.go:95.16,98.3 2 1
github.com/foxcodenine/celeritas/render/render.go:101.2,102.16 2 1
github.com/foxcodenine/celeritas/render/render.go:102.16,105.3 2 0
github.com/foxcodenine/celeritas/render/render.go:107.2,107.12 1 1
