{"/home/foxcodenine/foxfiles/git/repo/tutorials/udemy_courses/unit_testing_for_typescript_and_nodejs_developers_with_jest/Section4_test_driven_development_with_jest_and_typescript/24_password_checker_iteration_2/src/app/pass_checker/PasswordChecker.ts": {"path":"/home/foxcodenine/foxfiles/git/repo/tutorials/udemy_courses/unit_testing_for_typescript_and_nodejs_developers_with_jest/Section4_test_driven_development_with_jest_and_typescript/24_password_checker_iteration_2/src/app/pass_checker/PasswordChecker.ts","statementMap":{"0":{"start":{"line":10,"column":0},"end":{"line":10,"column":null}},"1":{"start":{"line":11,"column":4},"end":{"line":11,"column":null}},"2":{"start":{"line":12,"column":4},"end":{"line":12,"column":null}},"3":{"start":{"line":13,"column":4},"end":{"line":13,"column":null}},"4":{"start":{"line":24,"column":20},"end":{"line":24,"column":24}},"5":{"start":{"line":25,"column":39},"end":{"line":25,"column":41}},"6":{"start":{"line":28,"column":8},"end":{"line":31,"column":9}},"7":{"start":{"line":29,"column":12},"end":{"line":29,"column":26}},"8":{"start":{"line":30,"column":12},"end":{"line":30,"column":47}},"9":{"start":{"line":33,"column":8},"end":{"line":36,"column":9}},"10":{"start":{"line":34,"column":12},"end":{"line":34,"column":26}},"11":{"start":{"line":35,"column":12},"end":{"line":35,"column":55}},"12":{"start":{"line":38,"column":8},"end":{"line":41,"column":9}},"13":{"start":{"line":39,"column":12},"end":{"line":39,"column":26}},"14":{"start":{"line":40,"column":12},"end":{"line":40,"column":55}},"15":{"start":{"line":43,"column":8},"end":{"line":46,"column":null}},"16":{"start":{"line":21,"column":0},"end":{"line":21,"column":13}}},"fnMap":{"0":{"name":"(anonymous_0)","decl":{"start":{"line":10,"column":0},"end":{"line":10,"column":12}},"loc":{"start":{"line":10,"column":26},"end":{"line":14,"column":1}}},"1":{"name":"(anonymous_1)","decl":{"start":{"line":22,"column":11},"end":{"line":22,"column":24}},"loc":{"start":{"line":22,"column":41},"end":{"line":47,"column":5}}}},"branchMap":{"0":{"loc":{"start":{"line":10,"column":12},"end":{"line":10,"column":null}},"type":"binary-expr","locations":[{"start":{"line":10,"column":12},"end":{"line":10,"column":26}},{"start":{"line":10,"column":26},"end":{"line":10,"column":null}}]},"1":{"loc":{"start":{"line":28,"column":8},"end":{"line":31,"column":9}},"type":"if","locations":[{"start":{"line":28,"column":8},"end":{"line":31,"column":9}}]},"2":{"loc":{"start":{"line":33,"column":8},"end":{"line":36,"column":9}},"type":"if","locations":[{"start":{"line":33,"column":8},"end":{"line":36,"column":9}}]},"3":{"loc":{"start":{"line":38,"column":8},"end":{"line":41,"column":9}},"type":"if","locations":[{"start":{"line":38,"column":8},"end":{"line":41,"column":9}}]}},"s":{"0":1,"1":1,"2":1,"3":1,"4":7,"5":7,"6":7,"7":5,"8":5,"9":7,"10":3,"11":3,"12":7,"13":3,"14":3,"15":7,"16":1},"f":{"0":1,"1":7},"b":{"0":[1,1],"1":[5],"2":[3],"3":[3]}}
}
