<?xml version="1.0" encoding="UTF-8"?>
<coverage generated="1750230288199" clover="3.2.0">
  <project timestamp="1750230288200" name="All files">
    <metrics statements="8" coveredstatements="7" conditionals="3" coveredconditionals="2" methods="1" coveredmethods="1" elements="12" coveredelements="10" complexity="0" loc="8" ncloc="8" packages="1" files="1" classes="1"/>
    <file name="PasswordChecker.ts" path="C:\Chris\courses\udemy_courses-unit_testing_for_typescript_and_nodejs_developers_with_jest\Section4_test_driven_development_with_jest_and_typescript\22_password_checker_setup\src\app\pass_checker\PasswordChecker.ts">
      <metrics statements="8" coveredstatements="7" conditionals="3" coveredconditionals="2" methods="1" coveredmethods="1"/>
      <line num="6" count="1" type="stmt"/>
      <line num="9" count="4" type="cond" truecount="1" falsecount="0"/>
      <line num="10" count="1" type="stmt"/>
      <line num="13" count="3" type="cond" truecount="1" falsecount="0"/>
      <line num="14" count="1" type="stmt"/>
      <line num="17" count="2" type="cond" truecount="0" falsecount="1"/>
      <line num="18" count="0" type="stmt"/>
      <line num="21" count="2" type="stmt"/>
    </file>
  </project>
</coverage>
