{"C:\\Chris\\courses\\udemy_courses-unit_testing_for_typescript_and_nodejs_developers_with_jest\\Section4_test_driven_development_with_jest_and_typescript\\22_password_checker_setup\\src\\app\\pass_checker\\PasswordChecker.ts": {"path":"C:\\Chris\\courses\\udemy_courses-unit_testing_for_typescript_and_nodejs_developers_with_jest\\Section4_test_driven_development_with_jest_and_typescript\\22_password_checker_setup\\src\\app\\pass_checker\\PasswordChecker.ts","statementMap":{"0":{"start":{"line":9,"column":8},"end":{"line":11,"column":9}},"1":{"start":{"line":10,"column":12},"end":{"line":10,"column":25}},"2":{"start":{"line":13,"column":8},"end":{"line":15,"column":9}},"3":{"start":{"line":14,"column":12},"end":{"line":14,"column":25}},"4":{"start":{"line":17,"column":8},"end":{"line":19,"column":9}},"5":{"start":{"line":18,"column":12},"end":{"line":18,"column":25}},"6":{"start":{"line":21,"column":8},"end":{"line":21,"column":20}},"7":{"start":{"line":6,"column":0},"end":{"line":6,"column":13}}},"fnMap":{"0":{"name":"(anonymous_0)","decl":{"start":{"line":7,"column":11},"end":{"line":7,"column":24}},"loc":{"start":{"line":7,"column":41},"end":{"line":22,"column":5}}}},"branchMap":{"0":{"loc":{"start":{"line":9,"column":8},"end":{"line":11,"column":9}},"type":"if","locations":[{"start":{"line":9,"column":8},"end":{"line":11,"column":9}}]},"1":{"loc":{"start":{"line":13,"column":8},"end":{"line":15,"column":9}},"type":"if","locations":[{"start":{"line":13,"column":8},"end":{"line":15,"column":9}}]},"2":{"loc":{"start":{"line":17,"column":8},"end":{"line":19,"column":9}},"type":"if","locations":[{"start":{"line":17,"column":8},"end":{"line":19,"column":9}}]}},"s":{"0":4,"1":1,"2":3,"3":1,"4":2,"5":0,"6":2,"7":1},"f":{"0":4},"b":{"0":[1],"1":[1],"2":[0]}}
}
