<?xml version="1.0" encoding="UTF-8"?>
<coverage generated="1751028720242" clover="3.2.0">
  <project timestamp="1751028720242" name="All files">
    <metrics statements="8" coveredstatements="6" conditionals="2" coveredconditionals="0" methods="3" coveredmethods="2" elements="13" coveredelements="8" complexity="0" loc="8" ncloc="8" packages="1" files="1" classes="1"/>
    <file name="OthersUtils.ts" path="C:\Chris\123\tutorials\udemy_courses\unit_testing_for_typescript_and_nodejs_developers_with_jest\Section5\29\src\app\doubles\OthersUtils.ts">
      <metrics statements="8" coveredstatements="6" conditionals="2" coveredconditionals="0" methods="3" coveredmethods="2"/>
      <line num="1" count="1" type="stmt"/>
      <line num="3" count="1" type="stmt"/>
      <line num="4" count="1" type="stmt"/>
      <line num="7" count="1" type="stmt"/>
      <line num="8" count="1" type="stmt"/>
      <line num="21" count="1" type="stmt"/>
      <line num="23" count="0" type="cond" truecount="0" falsecount="2"/>
      <line num="24" count="0" type="stmt"/>
    </file>
  </project>
</coverage>
