{"C:\\Chris\\123\\tutorials\\udemy_courses\\unit_testing_for_typescript_and_nodejs_developers_with_jest\\Section5\\29\\src\\app\\doubles\\OthersUtils.ts": {"path":"C:\\Chris\\123\\tutorials\\udemy_courses\\unit_testing_for_typescript_and_nodejs_developers_with_jest\\Section5\\29\\src\\app\\doubles\\OthersUtils.ts","statementMap":{"0":{"start":{"line":3,"column":0},"end":{"line":3,"column":16}},"1":{"start":{"line":7,"column":0},"end":{"line":7,"column":16}},"2":{"start":{"line":21,"column":0},"end":{"line":21,"column":16}},"3":{"start":{"line":1,"column":0},"end":{"line":1,"column":26}},"4":{"start":{"line":4,"column":4},"end":{"line":4,"column":29}},"5":{"start":{"line":8,"column":4},"end":{"line":8,"column":36}},"6":{"start":{"line":23,"column":4},"end":{"line":25,"column":5}},"7":{"start":{"line":24,"column":8},"end":{"line":24,"column":null}}},"fnMap":{"0":{"name":"toUpperCase","decl":{"start":{"line":3,"column":16},"end":{"line":3,"column":27}},"loc":{"start":{"line":3,"column":39},"end":{"line":5,"column":1}}},"1":{"name":"toLowerCaseWithId","decl":{"start":{"line":7,"column":16},"end":{"line":7,"column":33}},"loc":{"start":{"line":7,"column":45},"end":{"line":9,"column":1}}},"2":{"name":"calculateComplexity","decl":{"start":{"line":21,"column":16},"end":{"line":21,"column":35}},"loc":{"start":{"line":21,"column":58},"end":{"line":26,"column":1}}}},"branchMap":{"0":{"loc":{"start":{"line":23,"column":4},"end":{"line":25,"column":5}},"type":"if","locations":[{"start":{"line":23,"column":4},"end":{"line":25,"column":5}},{"start":{},"end":{}}]}},"s":{"0":1,"1":1,"2":1,"3":1,"4":1,"5":1,"6":0,"7":0},"f":{"0":1,"1":1,"2":0},"b":{"0":[0,0]}}
}
