<?xml version="1.0" encoding="UTF-8"?>
<coverage generated="1750272553357" clover="3.2.0">
  <project timestamp="1750272553357" name="All files">
    <metrics statements="23" coveredstatements="23" conditionals="6" coveredconditionals="6" methods="7" coveredmethods="7" elements="36" coveredelements="36" complexity="0" loc="23" ncloc="23" packages="1" files="1" classes="1"/>
    <file name="PasswordChecker.ts" path="/home/foxcodenine/foxfiles/git/repo/tutorials/udemy_courses/unit_testing_for_typescript_and_nodejs_developers_with_jest/Section4_test_driven_development_with_jest_and_typescript/25_password_checker_iteration_3/src/app/pass_checker/PasswordChecker.ts">
      <metrics statements="23" coveredstatements="23" conditionals="6" coveredconditionals="6" methods="7" coveredmethods="7"/>
      <line num="10" count="1" type="cond" truecount="2" falsecount="0"/>
      <line num="11" count="1" type="stmt"/>
      <line num="12" count="1" type="stmt"/>
      <line num="13" count="1" type="stmt"/>
      <line num="14" count="1" type="stmt"/>
      <line num="22" count="1" type="stmt"/>
      <line num="25" count="9" type="stmt"/>
      <line num="27" count="9" type="stmt"/>
      <line num="29" count="9" type="stmt"/>
      <line num="31" count="9" type="stmt"/>
      <line num="33" count="9" type="stmt"/>
      <line num="41" count="2" type="stmt"/>
      <line num="42" count="2" type="stmt"/>
      <line num="44" count="2" type="stmt"/>
      <line num="52" count="2" type="stmt"/>
      <line num="53" count="2" type="cond" truecount="1" falsecount="0"/>
      <line num="54" count="1" type="stmt"/>
      <line num="59" count="9" type="cond" truecount="1" falsecount="0"/>
      <line num="60" count="5" type="stmt"/>
      <line num="64" count="9" type="cond" truecount="1" falsecount="0"/>
      <line num="65" count="3" type="stmt"/>
      <line num="69" count="9" type="cond" truecount="1" falsecount="0"/>
      <line num="70" count="3" type="stmt"/>
    </file>
  </project>
</coverage>
