<?xml version="1.0" encoding="UTF-8"?>
<coverage generated="1750843042388" clover="3.2.0">
  <project timestamp="1750843042389" name="All files">
    <metrics statements="23" coveredstatements="23" conditionals="6" coveredconditionals="6" methods="7" coveredmethods="7" elements="36" coveredelements="36" complexity="0" loc="23" ncloc="23" packages="1" files="1" classes="1"/>
    <file name="PasswordChecker.ts" path="/mnt/c/Chris/courses/unit_testing_for_typescript_and_nodejs_developers_with_jest/Section4_test_driven_development_with_jest_and_typescript/25_password_checker_iteration_3/src/app/pass_checker/PasswordChecker.ts">
      <metrics statements="23" coveredstatements="23" conditionals="6" coveredconditionals="6" methods="7" coveredmethods="7"/>
      <line num="14" count="1" type="cond" truecount="2" falsecount="0"/>
      <line num="15" count="1" type="stmt"/>
      <line num="16" count="1" type="stmt"/>
      <line num="17" count="1" type="stmt"/>
      <line num="18" count="1" type="stmt"/>
      <line num="26" count="1" type="stmt"/>
      <line num="30" count="9" type="cond" truecount="1" falsecount="0"/>
      <line num="31" count="5" type="stmt"/>
      <line num="36" count="9" type="cond" truecount="1" falsecount="0"/>
      <line num="37" count="3" type="stmt"/>
      <line num="42" count="9" type="cond" truecount="1" falsecount="0"/>
      <line num="43" count="3" type="stmt"/>
      <line num="48" count="2" type="stmt"/>
      <line num="49" count="2" type="cond" truecount="1" falsecount="0"/>
      <line num="50" count="1" type="stmt"/>
      <line num="58" count="9" type="stmt"/>
      <line num="60" count="9" type="stmt"/>
      <line num="62" count="9" type="stmt"/>
      <line num="64" count="9" type="stmt"/>
      <line num="66" count="9" type="stmt"/>
      <line num="74" count="2" type="stmt"/>
      <line num="75" count="2" type="stmt"/>
      <line num="77" count="2" type="stmt"/>
    </file>
  </project>
</coverage>
