{"/mnt/c/Chris/courses/unit_testing_for_typescript_and_nodejs_developers_with_jest/Section4_test_driven_development_with_jest_and_typescript/25_password_checker_iteration_3/src/app/pass_checker/PasswordChecker.ts": {"path":"/mnt/c/Chris/courses/unit_testing_for_typescript_and_nodejs_developers_with_jest/Section4_test_driven_development_with_jest_and_typescript/25_password_checker_iteration_3/src/app/pass_checker/PasswordChecker.ts","statementMap":{"0":{"start":{"line":14,"column":0},"end":{"line":14,"column":null}},"1":{"start":{"line":15,"column":4},"end":{"line":15,"column":null}},"2":{"start":{"line":16,"column":4},"end":{"line":16,"column":null}},"3":{"start":{"line":17,"column":4},"end":{"line":17,"column":null}},"4":{"start":{"line":18,"column":4},"end":{"line":18,"column":null}},"5":{"start":{"line":30,"column":8},"end":{"line":32,"column":9}},"6":{"start":{"line":31,"column":12},"end":{"line":31,"column":47}},"7":{"start":{"line":36,"column":8},"end":{"line":38,"column":9}},"8":{"start":{"line":37,"column":12},"end":{"line":37,"column":55}},"9":{"start":{"line":42,"column":8},"end":{"line":44,"column":9}},"10":{"start":{"line":43,"column":12},"end":{"line":43,"column":55}},"11":{"start":{"line":48,"column":30},"end":{"line":48,"column":34}},"12":{"start":{"line":49,"column":8},"end":{"line":51,"column":9}},"13":{"start":{"line":50,"column":12},"end":{"line":50,"column":null}},"14":{"start":{"line":58,"column":40},"end":{"line":58,"column":42}},"15":{"start":{"line":60,"column":8},"end":{"line":60,"column":47}},"16":{"start":{"line":62,"column":8},"end":{"line":62,"column":50}},"17":{"start":{"line":64,"column":8},"end":{"line":64,"column":50}},"18":{"start":{"line":66,"column":8},"end":{"line":69,"column":null}},"19":{"start":{"line":74,"column":27},"end":{"line":74,"column":55}},"20":{"start":{"line":75,"column":8},"end":{"line":75,"column":null}},"21":{"start":{"line":77,"column":8},"end":{"line":80,"column":null}},"22":{"start":{"line":26,"column":0},"end":{"line":26,"column":13}}},"fnMap":{"0":{"name":"(anonymous_0)","decl":{"start":{"line":14,"column":0},"end":{"line":14,"column":12}},"loc":{"start":{"line":14,"column":26},"end":{"line":19,"column":1}}},"1":{"name":"(anonymous_1)","decl":{"start":{"line":29,"column":12},"end":{"line":29,"column":26}},"loc":{"start":{"line":29,"column":70},"end":{"line":33,"column":5}}},"2":{"name":"(anonymous_2)","decl":{"start":{"line":35,"column":12},"end":{"line":35,"column":29}},"loc":{"start":{"line":35,"column":73},"end":{"line":39,"column":5}}},"3":{"name":"(anonymous_3)","decl":{"start":{"line":41,"column":12},"end":{"line":41,"column":29}},"loc":{"start":{"line":41,"column":73},"end":{"line":45,"column":5}}},"4":{"name":"(anonymous_4)","decl":{"start":{"line":47,"column":12},"end":{"line":47,"column":26}},"loc":{"start":{"line":47,"column":70},"end":{"line":52,"column":5}}},"5":{"name":"(anonymous_5)","decl":{"start":{"line":56,"column":11},"end":{"line":56,"column":24}},"loc":{"start":{"line":56,"column":41},"end":{"line":70,"column":5}}},"6":{"name":"(anonymous_6)","decl":{"start":{"line":72,"column":11},"end":{"line":72,"column":29}},"loc":{"start":{"line":72,"column":46},"end":{"line":81,"column":5}}}},"branchMap":{"0":{"loc":{"start":{"line":14,"column":12},"end":{"line":14,"column":null}},"type":"binary-expr","locations":[{"start":{"line":14,"column":12},"end":{"line":14,"column":26}},{"start":{"line":14,"column":26},"end":{"line":14,"column":null}}]},"1":{"loc":{"start":{"line":30,"column":8},"end":{"line":32,"column":9}},"type":"if","locations":[{"start":{"line":30,"column":8},"end":{"line":32,"column":9}}]},"2":{"loc":{"start":{"line":36,"column":8},"end":{"line":38,"column":9}},"type":"if","locations":[{"start":{"line":36,"column":8},"end":{"line":38,"column":9}}]},"3":{"loc":{"start":{"line":42,"column":8},"end":{"line":44,"column":9}},"type":"if","locations":[{"start":{"line":42,"column":8},"end":{"line":44,"column":9}}]},"4":{"loc":{"start":{"line":49,"column":8},"end":{"line":51,"column":9}},"type":"if","locations":[{"start":{"line":49,"column":8},"end":{"line":51,"column":9}}]}},"s":{"0":1,"1":1,"2":1,"3":1,"4":1,"5":9,"6":5,"7":9,"8":3,"9":9,"10":3,"11":2,"12":2,"13":1,"14":9,"15":9,"16":9,"17":9,"18":9,"19":2,"20":2,"21":2,"22":1},"f":{"0":1,"1":9,"2":9,"3":9,"4":2,"5":9,"6":2},"b":{"0":[1,1],"1":[5],"2":[3],"3":[3],"4":[1]}}
}
