{"/home/foxcodenine/foxfiles/git/repo/tutorials/udemy_courses/unit_testing_for_typescript_and_nodejs_developers_with_jest/Section4_test_driven_development_with_jest_and_typescript/25_password_checker_iteration_3/src/app/pass_checker/PasswordChecker.ts": {"path":"/home/foxcodenine/foxfiles/git/repo/tutorials/udemy_courses/unit_testing_for_typescript_and_nodejs_developers_with_jest/Section4_test_driven_development_with_jest_and_typescript/25_password_checker_iteration_3/src/app/pass_checker/PasswordChecker.ts","statementMap":{"0":{"start":{"line":10,"column":0},"end":{"line":10,"column":null}},"1":{"start":{"line":11,"column":4},"end":{"line":11,"column":null}},"2":{"start":{"line":12,"column":4},"end":{"line":12,"column":null}},"3":{"start":{"line":13,"column":4},"end":{"line":13,"column":null}},"4":{"start":{"line":14,"column":4},"end":{"line":14,"column":null}},"5":{"start":{"line":25,"column":40},"end":{"line":25,"column":42}},"6":{"start":{"line":27,"column":8},"end":{"line":27,"column":47}},"7":{"start":{"line":29,"column":8},"end":{"line":29,"column":50}},"8":{"start":{"line":31,"column":8},"end":{"line":31,"column":50}},"9":{"start":{"line":33,"column":8},"end":{"line":36,"column":null}},"10":{"start":{"line":41,"column":27},"end":{"line":41,"column":55}},"11":{"start":{"line":42,"column":8},"end":{"line":42,"column":null}},"12":{"start":{"line":44,"column":8},"end":{"line":47,"column":null}},"13":{"start":{"line":52,"column":30},"end":{"line":52,"column":34}},"14":{"start":{"line":53,"column":8},"end":{"line":55,"column":9}},"15":{"start":{"line":54,"column":12},"end":{"line":54,"column":null}},"16":{"start":{"line":59,"column":8},"end":{"line":61,"column":9}},"17":{"start":{"line":60,"column":12},"end":{"line":60,"column":47}},"18":{"start":{"line":64,"column":8},"end":{"line":66,"column":9}},"19":{"start":{"line":65,"column":12},"end":{"line":65,"column":55}},"20":{"start":{"line":69,"column":8},"end":{"line":71,"column":9}},"21":{"start":{"line":70,"column":12},"end":{"line":70,"column":55}},"22":{"start":{"line":22,"column":0},"end":{"line":22,"column":13}}},"fnMap":{"0":{"name":"(anonymous_0)","decl":{"start":{"line":10,"column":0},"end":{"line":10,"column":12}},"loc":{"start":{"line":10,"column":26},"end":{"line":15,"column":1}}},"1":{"name":"(anonymous_1)","decl":{"start":{"line":23,"column":11},"end":{"line":23,"column":24}},"loc":{"start":{"line":23,"column":41},"end":{"line":37,"column":5}}},"2":{"name":"(anonymous_2)","decl":{"start":{"line":39,"column":11},"end":{"line":39,"column":29}},"loc":{"start":{"line":39,"column":46},"end":{"line":49,"column":5}}},"3":{"name":"(anonymous_3)","decl":{"start":{"line":51,"column":12},"end":{"line":51,"column":26}},"loc":{"start":{"line":51,"column":70},"end":{"line":56,"column":5}}},"4":{"name":"(anonymous_4)","decl":{"start":{"line":58,"column":12},"end":{"line":58,"column":26}},"loc":{"start":{"line":58,"column":70},"end":{"line":62,"column":5}}},"5":{"name":"(anonymous_5)","decl":{"start":{"line":63,"column":12},"end":{"line":63,"column":29}},"loc":{"start":{"line":63,"column":73},"end":{"line":67,"column":5}}},"6":{"name":"(anonymous_6)","decl":{"start":{"line":68,"column":12},"end":{"line":68,"column":29}},"loc":{"start":{"line":68,"column":73},"end":{"line":72,"column":5}}}},"branchMap":{"0":{"loc":{"start":{"line":10,"column":12},"end":{"line":10,"column":null}},"type":"binary-expr","locations":[{"start":{"line":10,"column":12},"end":{"line":10,"column":26}},{"start":{"line":10,"column":26},"end":{"line":10,"column":null}}]},"1":{"loc":{"start":{"line":53,"column":8},"end":{"line":55,"column":9}},"type":"if","locations":[{"start":{"line":53,"column":8},"end":{"line":55,"column":9}}]},"2":{"loc":{"start":{"line":59,"column":8},"end":{"line":61,"column":9}},"type":"if","locations":[{"start":{"line":59,"column":8},"end":{"line":61,"column":9}}]},"3":{"loc":{"start":{"line":64,"column":8},"end":{"line":66,"column":9}},"type":"if","locations":[{"start":{"line":64,"column":8},"end":{"line":66,"column":9}}]},"4":{"loc":{"start":{"line":69,"column":8},"end":{"line":71,"column":9}},"type":"if","locations":[{"start":{"line":69,"column":8},"end":{"line":71,"column":9}}]}},"s":{"0":1,"1":1,"2":1,"3":1,"4":1,"5":9,"6":9,"7":9,"8":9,"9":9,"10":2,"11":2,"12":2,"13":2,"14":2,"15":1,"16":9,"17":5,"18":9,"19":3,"20":9,"21":3,"22":1},"f":{"0":1,"1":9,"2":2,"3":2,"4":9,"5":9,"6":9},"b":{"0":[1,1],"1":[1],"2":[5],"3":[3],"4":[3]}}
}
