TN:
SF:src/app/pass_checker/PasswordChecker.ts
FN:14,(anonymous_0)
FN:29,(anonymous_1)
FN:35,(anonymous_2)
FN:41,(anonymous_3)
FN:47,(anonymous_4)
FN:56,(anonymous_5)
FN:72,(anonymous_6)
FNF:7
FNH:7
FNDA:1,(anonymous_0)
FNDA:9,(anonymous_1)
FNDA:9,(anonymous_2)
FNDA:9,(anonymous_3)
FNDA:2,(anonymous_4)
FNDA:9,(anonymous_5)
FNDA:2,(anonymous_6)
DA:14,1
DA:15,1
DA:16,1
DA:17,1
DA:18,1
DA:26,1
DA:30,9
DA:31,5
DA:36,9
DA:37,3
DA:42,9
DA:43,3
DA:48,2
DA:49,2
DA:50,1
DA:58,9
DA:60,9
DA:62,9
DA:64,9
DA:66,9
DA:74,2
DA:75,2
DA:77,2
LF:23
LH:23
BRDA:14,0,0,1
BRDA:14,0,1,1
BRDA:30,1,0,5
BRDA:36,2,0,3
BRDA:42,3,0,3
BRDA:49,4,0,1
BRF:6
BRH:6
end_of_record
