TN:
SF:src/app/pass_checker/PasswordChecker.ts
FN:10,(anonymous_0)
FN:23,(anonymous_1)
FN:39,(anonymous_2)
FN:51,(anonymous_3)
FN:58,(anonymous_4)
FN:63,(anonymous_5)
FN:68,(anonymous_6)
FNF:7
FNH:7
FNDA:1,(anonymous_0)
FNDA:9,(anonymous_1)
FNDA:2,(anonymous_2)
FNDA:2,(anonymous_3)
FNDA:9,(anonymous_4)
FNDA:9,(anonymous_5)
FNDA:9,(anonymous_6)
DA:10,1
DA:11,1
DA:12,1
DA:13,1
DA:14,1
DA:22,1
DA:25,9
DA:27,9
DA:29,9
DA:31,9
DA:33,9
DA:41,2
DA:42,2
DA:44,2
DA:52,2
DA:53,2
DA:54,1
DA:59,9
DA:60,5
DA:64,9
DA:65,3
DA:69,9
DA:70,3
LF:23
LH:23
BRDA:10,0,0,1
BRDA:10,0,1,1
BRDA:53,1,0,1
BRDA:59,2,0,5
BRDA:64,3,0,3
BRDA:69,4,0,3
BRF:6
BRH:6
end_of_record
