<?xml version="1.0" encoding="UTF-8"?>
<coverage generated="1750958504735" clover="3.2.0">
  <project timestamp="1750958504735" name="All files">
    <metrics statements="9" coveredstatements="9" conditionals="4" coveredconditionals="3" methods="2" coveredmethods="2" elements="15" coveredelements="14" complexity="0" loc="9" ncloc="9" packages="1" files="1" classes="1"/>
    <file name="OthersUtils.ts" path="/home/foxcodenine/foxfiles/git/foxcodenine/tutorials/udemy_courses/unit_testing_for_typescript_and_nodejs_developers_with_jest/Section5/28_stubs_fakers/src/app/doubles/OthersUtils.ts">
      <metrics statements="9" coveredstatements="9" conditionals="4" coveredconditionals="3" methods="2" coveredmethods="2"/>
      <line num="12" count="1" type="stmt"/>
      <line num="14" count="1" type="cond" truecount="1" falsecount="1"/>
      <line num="15" count="1" type="stmt"/>
      <line num="23" count="1" type="stmt"/>
      <line num="24" count="6" type="cond" truecount="2" falsecount="0"/>
      <line num="25" count="3" type="stmt"/>
      <line num="26" count="3" type="stmt"/>
      <line num="29" count="3" type="stmt"/>
      <line num="30" count="3" type="stmt"/>
    </file>
  </project>
</coverage>
