{"/home/foxcodenine/foxfiles/git/foxcodenine/tutorials/udemy_courses/unit_testing_for_typescript_and_nodejs_developers_with_jest/Section5/28_stubs_fakers/src/app/doubles/OthersUtils.ts": {"path":"/home/foxcodenine/foxfiles/git/foxcodenine/tutorials/udemy_courses/unit_testing_for_typescript_and_nodejs_developers_with_jest/Section5/28_stubs_fakers/src/app/doubles/OthersUtils.ts","statementMap":{"0":{"start":{"line":12,"column":0},"end":{"line":12,"column":16}},"1":{"start":{"line":23,"column":0},"end":{"line":23,"column":16}},"2":{"start":{"line":14,"column":4},"end":{"line":16,"column":5}},"3":{"start":{"line":15,"column":8},"end":{"line":15,"column":null}},"4":{"start":{"line":24,"column":4},"end":{"line":27,"column":5}},"5":{"start":{"line":25,"column":8},"end":{"line":25,"column":null}},"6":{"start":{"line":26,"column":8},"end":{"line":26,"column":14}},"7":{"start":{"line":29,"column":4},"end":{"line":29,"column":null}},"8":{"start":{"line":30,"column":4},"end":{"line":30,"column":29}}},"fnMap":{"0":{"name":"calculateComplexity","decl":{"start":{"line":12,"column":16},"end":{"line":12,"column":35}},"loc":{"start":{"line":12,"column":58},"end":{"line":17,"column":1}}},"1":{"name":"toUpperCaseWithCb","decl":{"start":{"line":23,"column":16},"end":{"line":23,"column":33}},"loc":{"start":{"line":23,"column":78},"end":{"line":31,"column":1}}}},"branchMap":{"0":{"loc":{"start":{"line":14,"column":4},"end":{"line":16,"column":5}},"type":"if","locations":[{"start":{"line":14,"column":4},"end":{"line":16,"column":5}},{"start":{},"end":{}}]},"1":{"loc":{"start":{"line":24,"column":4},"end":{"line":27,"column":5}},"type":"if","locations":[{"start":{"line":24,"column":4},"end":{"line":27,"column":5}},{"start":{},"end":{}}]}},"s":{"0":1,"1":1,"2":1,"3":1,"4":6,"5":3,"6":3,"7":3,"8":3},"f":{"0":1,"1":6},"b":{"0":[1,0],"1":[3,3]}}
}
