<?xml version="1.0" encoding="UTF-8"?>
<coverage generated="1751029139013" clover="3.2.0">
  <project timestamp="1751029139014" name="All files">
    <metrics statements="13" coveredstatements="12" conditionals="4" coveredconditionals="3" methods="5" coveredmethods="4" elements="22" coveredelements="19" complexity="0" loc="13" ncloc="13" packages="1" files="1" classes="1"/>
    <file name="OthersUtils.ts" path="C:\Chris\123\tutorials\udemy_courses\unit_testing_for_typescript_and_nodejs_developers_with_jest\Section5\28_stubs_fakers_mocks_spies\src\app\doubles\OthersUtils.ts">
      <metrics statements="13" coveredstatements="12" conditionals="4" coveredconditionals="3" methods="5" coveredmethods="4"/>
      <line num="12" count="1" type="stmt"/>
      <line num="14" count="1" type="cond" truecount="1" falsecount="1"/>
      <line num="15" count="1" type="stmt"/>
      <line num="23" count="1" type="stmt"/>
      <line num="24" count="6" type="cond" truecount="2" falsecount="0"/>
      <line num="25" count="3" type="stmt"/>
      <line num="26" count="3" type="stmt"/>
      <line num="29" count="3" type="stmt"/>
      <line num="30" count="3" type="stmt"/>
      <line num="35" count="1" type="stmt"/>
      <line num="38" count="1" type="stmt"/>
      <line num="42" count="1" type="stmt"/>
      <line num="46" count="0" type="stmt"/>
    </file>
  </project>
</coverage>
